[debug] [2022-02-05T06:16:17.741Z] ----------------------------------------------------------------------
[debug] [2022-02-05T06:16:17.744Z] Command:       C:\Program Files\nodejs\node.exe C:\Users\kotak\AppData\Roaming\npm\node_modules\firebase-tools\lib\bin\firebase.js init
[debug] [2022-02-05T06:16:17.745Z] CLI Version:   9.23.0
[debug] [2022-02-05T06:16:17.745Z] Platform:      win32
[debug] [2022-02-05T06:16:17.745Z] Node Version:  v16.13.1
[debug] [2022-02-05T06:16:17.746Z] Time:          Sat Feb 05 2022 11:46:17 GMT+0530 (India Standard Time)
[debug] [2022-02-05T06:16:17.747Z] ----------------------------------------------------------------------
[debug] 
[debug] [2022-02-05T06:16:17.750Z] >>> [apiv2][query] GET https://firebase-public.firebaseio.com/cli.json [none]
[debug] [2022-02-05T06:16:17.855Z] > command requires scopes: ["email","openid","https://www.googleapis.com/auth/cloudplatformprojects.readonly","https://www.googleapis.com/auth/firebase","https://www.googleapis.com/auth/cloud-platform"]
[debug] [2022-02-05T06:16:17.855Z] > authorizing via signed-in user (kotakiran1@gmail.com)
[info] 
     ######## #### ########  ######## ########     ###     ######  ########
     ##        ##  ##     ## ##       ##     ##  ##   ##  ##       ##
     ######    ##  ########  ######   ########  #########  ######  ######
     ##        ##  ##    ##  ##       ##     ## ##     ##       ## ##
     ##       #### ##     ## ######## ########  ##     ##  ######  ########

You're about to initialize a Firebase project in this directory:

  C:\Users\kotak\Downloads\ANGULAR APPS\ANGULAR APPS\BMS3

Before we get started, keep in mind:

  * You are initializing within an existing Firebase project directory

[debug] [2022-02-05T06:16:18.789Z] <<< [apiv2][status] GET https://firebase-public.firebaseio.com/cli.json 200
[debug] [2022-02-05T06:16:18.789Z] <<< [apiv2][body] GET https://firebase-public.firebaseio.com/cli.json {"cloudBuildErrorAfter":1594252800000,"cloudBuildWarnAfter":1590019200000,"defaultNode10After":1594252800000,"minVersion":"3.0.5","node8DeploysDisabledAfter":1613390400000,"node8RuntimeDisabledAfter":1615809600000,"node8WarnAfter":1600128000000}
